<?xml version="1.0" encoding="UTF-8"?>
<testng-results skipped="0" failed="0" total="1" passed="1">
  <reporter-output>
  </reporter-output>
  <suite name="Suite" duration-ms="2531" started-at="2022-12-21T12:42:16Z" finished-at="2022-12-21T12:42:18Z">
    <groups>
    </groups>
    <test name="Test" duration-ms="2531" started-at="2022-12-21T12:42:16Z" finished-at="2022-12-21T12:42:18Z">
      <class name="aPITesting.GET_LISTUSERS_APITest">
        <test-method status="PASS" signature="verifyListUserTest()[pri:0, instance:aPITesting.GET_LISTUSERS_APITest@1324409e]" name="verifyListUserTest" duration-ms="2500" started-at="2022-12-21T04:42:16Z" finished-at="2022-12-21T04:42:18Z">
          <reporter-output>
          </reporter-output>
        </test-method> <!-- verifyListUserTest -->
      </class> <!-- aPITesting.GET_LISTUSERS_APITest -->
    </test> <!-- Test -->
  </suite> <!-- Suite -->
</testng-results>
